2024-06-30 13:33:49 - INFO - Interface Tkinter inicializada.
2024-06-30 13:33:50 - INFO - Webcam iniciada.
2024-06-30 13:33:50 - INFO - Modelo carregado de: models/modelo_treinado.pkl
2024-06-30 13:33:50 - INFO - Modelo carregado com sucesso.
2024-06-30 13:33:52 - INFO - Interface gráfica configurada.
2024-06-30 13:33:54 - INFO - Rosto reconhecido: whalisson (100.00%) em (215, 4, 287, 287)
2024-06-30 13:33:54 - INFO - Rosto reconhecido: whalisson (66.67%) em (210, 4, 283, 283)
2024-06-30 13:33:54 - INFO - Rosto reconhecido: whalisson (66.67%) em (210, 4, 285, 285)
2024-06-30 13:33:54 - INFO - Rosto reconhecido: whalisson (66.67%) em (211, 6, 282, 282)
2024-06-30 13:33:54 - INFO - Rosto reconhecido: whalisson (66.67%) em (211, 8, 280, 280)
2024-06-30 13:33:54 - INFO - Rosto reconhecido: whalisson (66.67%) em (209, 6, 280, 280)
2024-06-30 13:33:54 - INFO - Rosto reconhecido: whalisson (100.00%) em (203, 7, 288, 288)
2024-06-30 13:33:54 - INFO - Rosto reconhecido: barack (33.33%) em (298, 131, 114, 114)
2024-06-30 13:33:54 - INFO - Rosto reconhecido: whalisson (100.00%) em (205, 7, 285, 285)
2024-06-30 13:33:54 - INFO - Rosto reconhecido: barack (33.33%) em (299, 133, 111, 111)
2024-06-30 13:33:54 - INFO - Rosto reconhecido: whalisson (100.00%) em (206, 4, 285, 285)
2024-06-30 13:33:54 - INFO - Rosto reconhecido: whalisson (66.67%) em (208, 7, 278, 278)
2024-06-30 13:33:54 - INFO - Rosto reconhecido: barack (33.33%) em (300, 132, 111, 111)
2024-06-30 13:33:54 - INFO - Rosto reconhecido: whalisson (100.00%) em (208, 7, 284, 284)
2024-06-30 13:33:54 - INFO - Rosto reconhecido: whalisson (66.67%) em (200, 7, 289, 289)
2024-06-30 13:33:54 - INFO - Rosto reconhecido: whalisson (66.67%) em (209, 12, 288, 288)
2024-06-30 13:33:55 - INFO - Rosto reconhecido: whalisson (100.00%) em (205, 10, 303, 303)
2024-06-30 13:33:55 - INFO - Rosto reconhecido: whalisson (66.67%) em (189, 22, 316, 316)
2024-06-30 13:33:55 - INFO - Rosto reconhecido: whalisson (66.67%) em (184, 24, 326, 326)
2024-06-30 13:33:55 - INFO - Rosto reconhecido: whalisson (100.00%) em (185, 22, 339, 339)
2024-06-30 13:33:55 - INFO - Rosto reconhecido: whalisson (66.67%) em (180, 12, 345, 345)
2024-06-30 13:33:55 - INFO - Rosto reconhecido: barack (33.33%) em (177, 14, 345, 345)
2024-06-30 13:33:55 - INFO - Rosto reconhecido: whalisson (66.67%) em (184, 12, 356, 356)
2024-06-30 13:33:55 - INFO - Rosto reconhecido: whalisson (66.67%) em (193, 12, 356, 356)
2024-06-30 13:33:55 - INFO - Rosto reconhecido: whalisson (66.67%) em (184, 12, 356, 356)
2024-06-30 13:33:55 - INFO - Rosto reconhecido: whalisson (66.67%) em (189, 12, 355, 355)
2024-06-30 13:33:55 - INFO - Rosto reconhecido: whalisson (66.67%) em (194, 13, 350, 350)
2024-06-30 13:33:55 - INFO - Rosto reconhecido: whalisson (66.67%) em (198, 12, 356, 356)
2024-06-30 13:33:55 - INFO - Rosto reconhecido: whalisson (66.67%) em (196, 12, 351, 351)
2024-06-30 13:33:55 - INFO - Rosto reconhecido: whalisson (66.67%) em (190, 10, 341, 341)
2024-06-30 13:33:56 - INFO - Rosto reconhecido: whalisson (66.67%) em (186, 8, 338, 338)
2024-06-30 13:33:56 - INFO - Rosto reconhecido: whalisson (66.67%) em (198, 8, 347, 347)
2024-06-30 13:33:56 - INFO - Rosto reconhecido: whalisson (66.67%) em (184, 4, 355, 355)
2024-06-30 13:33:56 - INFO - Rosto reconhecido: whalisson (66.67%) em (184, 6, 353, 353)
2024-06-30 13:33:56 - INFO - Rosto reconhecido: whalisson (66.67%) em (182, 4, 352, 352)
2024-06-30 13:33:56 - INFO - Rosto reconhecido: whalisson (66.67%) em (192, 13, 341, 341)
2024-06-30 13:33:56 - INFO - Rosto reconhecido: whalisson (66.67%) em (189, 14, 346, 346)
2024-06-30 13:33:56 - INFO - Rosto reconhecido: whalisson (100.00%) em (193, 23, 370, 370)
2024-06-30 13:33:56 - INFO - Rosto reconhecido: whalisson (100.00%) em (191, 29, 368, 368)
2024-06-30 13:33:56 - INFO - Rosto reconhecido: whalisson (100.00%) em (182, 32, 379, 379)
2024-06-30 13:33:56 - INFO - Rosto reconhecido: whalisson (100.00%) em (192, 81, 356, 356)
2024-06-30 13:33:56 - INFO - Rosto reconhecido: whalisson (100.00%) em (184, 88, 352, 352)
2024-06-30 13:33:56 - INFO - Rosto reconhecido: whalisson (100.00%) em (189, 105, 341, 341)
2024-06-30 13:33:56 - INFO - Rosto reconhecido: whalisson (100.00%) em (200, 136, 308, 308)
2024-06-30 13:33:56 - INFO - Rosto reconhecido: whalisson (100.00%) em (202, 137, 315, 315)
2024-06-30 13:33:57 - INFO - Rosto reconhecido: whalisson (100.00%) em (208, 139, 307, 307)
2024-06-30 13:33:57 - INFO - Rosto reconhecido: whalisson (100.00%) em (209, 148, 292, 292)
2024-06-30 13:33:57 - INFO - Rosto reconhecido: whalisson (100.00%) em (207, 149, 291, 291)
2024-06-30 13:33:57 - INFO - Rosto reconhecido: whalisson (100.00%) em (220, 155, 281, 281)
2024-06-30 13:33:57 - INFO - Rosto reconhecido: whalisson (100.00%) em (217, 151, 283, 283)
2024-06-30 13:33:57 - INFO - Rosto reconhecido: whalisson (100.00%) em (218, 148, 286, 286)
2024-06-30 13:33:57 - INFO - Rosto reconhecido: whalisson (100.00%) em (222, 154, 274, 274)
2024-06-30 13:33:57 - INFO - Rosto reconhecido: whalisson (100.00%) em (223, 150, 284, 284)
2024-06-30 13:33:57 - INFO - Rosto reconhecido: whalisson (100.00%) em (227, 148, 290, 290)
2024-06-30 13:33:57 - INFO - Rosto reconhecido: whalisson (100.00%) em (225, 147, 284, 284)
2024-06-30 13:33:57 - INFO - Rosto reconhecido: whalisson (100.00%) em (226, 146, 288, 288)
2024-06-30 13:33:57 - INFO - Rosto reconhecido: whalisson (100.00%) em (226, 148, 287, 287)
2024-06-30 13:33:57 - INFO - Rosto reconhecido: whalisson (100.00%) em (230, 150, 283, 283)
2024-06-30 13:33:57 - INFO - Rosto reconhecido: whalisson (100.00%) em (228, 151, 277, 277)
2024-06-30 13:33:57 - INFO - Rosto reconhecido: whalisson (100.00%) em (225, 153, 278, 278)
2024-06-30 13:33:57 - INFO - Rosto reconhecido: whalisson (66.67%) em (224, 156, 272, 272)
2024-06-30 13:33:58 - INFO - Rosto reconhecido: whalisson (100.00%) em (224, 152, 276, 276)
2024-06-30 13:33:58 - INFO - Rosto reconhecido: whalisson (100.00%) em (226, 148, 281, 281)
2024-06-30 13:33:58 - INFO - Rosto reconhecido: whalisson (100.00%) em (231, 150, 278, 278)
2024-06-30 13:33:58 - INFO - Rosto reconhecido: whalisson (100.00%) em (229, 151, 278, 278)
2024-06-30 13:33:58 - INFO - Rosto reconhecido: whalisson (100.00%) em (227, 150, 282, 282)
2024-06-30 13:33:58 - INFO - Rosto reconhecido: whalisson (100.00%) em (227, 148, 286, 286)
2024-06-30 13:33:58 - INFO - Rosto reconhecido: whalisson (100.00%) em (228, 152, 281, 281)
2024-06-30 13:33:58 - INFO - Rosto reconhecido: whalisson (100.00%) em (225, 147, 283, 283)
2024-06-30 13:33:58 - INFO - Rosto reconhecido: whalisson (100.00%) em (224, 144, 286, 286)
2024-06-30 13:33:58 - INFO - Rosto reconhecido: whalisson (100.00%) em (226, 143, 283, 283)
2024-06-30 13:33:58 - INFO - Rosto reconhecido: whalisson (100.00%) em (226, 141, 281, 281)
2024-06-30 13:33:58 - INFO - Rosto reconhecido: whalisson (100.00%) em (226, 138, 285, 285)
2024-06-30 13:33:58 - INFO - Rosto reconhecido: whalisson (100.00%) em (225, 136, 287, 287)
2024-06-30 13:33:58 - INFO - Rosto reconhecido: whalisson (100.00%) em (226, 132, 290, 290)
2024-06-30 13:33:59 - INFO - Rosto reconhecido: whalisson (100.00%) em (227, 136, 283, 283)
2024-06-30 13:33:59 - INFO - Rosto reconhecido: whalisson (100.00%) em (234, 132, 271, 271)
2024-06-30 13:33:59 - INFO - Rosto reconhecido: whalisson (100.00%) em (233, 132, 274, 274)
2024-06-30 13:33:59 - INFO - Loop principal do Tkinter iniciado.
